2026-04-11 15:02:48,269 - INFO - SCAN: momentum stock_id=3 metadata={'reason': 'overbought', 'rsi': 75.41762728549422}
2026-04-11 15:02:48,972 - INFO - SCAN: momentum stock_id=5 metadata={'reason': 'overbought', 'rsi': 77.94649405630253}
2026-04-11 15:02:48,982 - INFO - SCAN: momentum stock_id=10 metadata={'reason': 'overbought', 'rsi': 72.61553217328327}
2026-04-11 15:02:48,989 - INFO - SCAN: momentum stock_id=12 metadata={'reason': 'overbought', 'rsi': 70.15456330384725}
2026-04-11 15:02:48,998 - INFO - SCAN: momentum stock_id=17 metadata={'reason': 'overbought', 'rsi': 71.49028073434349}
2026-04-11 15:02:49,005 - INFO - SCAN: volume stock_id=18 metadata={'reason': 'volume_spike_down', 'volume': 104310053.0, 'avg_volume_20d': 42549593.75, 'ratio': 2.45}
2026-04-11 15:02:49,012 - INFO - SCAN: momentum stock_id=21 metadata={'reason': 'overbought', 'rsi': 79.36089842283539}
2026-04-11 15:02:49,021 - INFO - SCAN: momentum stock_id=27 metadata={'reason': 'overbought', 'rsi': 97.76913958154155}
2026-04-11 15:02:49,027 - INFO - SCAN: momentum stock_id=28 metadata={'reason': 'overbought', 'rsi': 71.6133696797659}
2026-04-11 15:02:49,033 - INFO - SCAN: volume stock_id=29 metadata={'reason': 'volume_spike_up', 'volume': 67886088.0, 'avg_volume_20d': 22385352.7, 'ratio': 3.03}
2026-04-11 15:02:49,041 - INFO - SCAN: momentum stock_id=37 metadata={'reason': 'oversold', 'rsi': 27.823360193595278}
2026-04-11 15:02:49,050 - INFO - SCAN: momentum stock_id=44 metadata={'reason': 'overbought', 'rsi': 71.09606135140434}
2026-04-11 15:02:49,057 - INFO - SCAN: momentum stock_id=49 metadata={'reason': 'oversold', 'rsi': 29.60745375565513}
2026-04-11 15:02:49,068 - INFO - SCAN: price_action stock_id=60 metadata={'reason': 'bounce_off_support', 'support_level': 72.87420000000002, 'current_price': 72.89}
2026-04-11 15:02:49,075 - INFO - SCAN: momentum stock_id=63 metadata={'reason': 'oversold', 'rsi': 22.38725241761557}
2026-04-11 15:02:49,076 - INFO - SCAN: volume stock_id=63 metadata={'reason': 'volume_spike_down', 'volume': 52309178.0, 'avg_volume_20d': 15433543.2, 'ratio': 3.39}
2026-04-11 15:02:49,086 - INFO - SCAN: momentum stock_id=69 metadata={'reason': 'overbought', 'rsi': 71.54379877253494}
2026-04-11 15:02:49,095 - INFO - SCAN: momentum stock_id=76 metadata={'reason': 'overbought', 'rsi': 76.26660255377396}
2026-04-11 15:02:49,109 - INFO - SCAN: momentum stock_id=92 metadata={'reason': 'oversold', 'rsi': 29.779576257307312}
2026-04-11 15:02:49,109 - INFO - SCAN: volume stock_id=92 metadata={'reason': 'volume_spike_down', 'volume': 47737853.0, 'avg_volume_20d': 19844468.95, 'ratio': 2.41}
2026-04-11 15:02:49,120 - INFO - SCAN: momentum stock_id=101 metadata={'reason': 'overbought', 'rsi': 73.9457251887493}
2026-04-11 15:02:49,129 - INFO - SCAN: price_action stock_id=108 metadata={'reason': 'bounce_off_support', 'support_level': 57.49139999999999, 'current_price': 57.53}
2026-04-11 15:02:49,137 - INFO - SCAN: momentum stock_id=110 metadata={'reason': 'oversold', 'rsi': 21.38381832010525}
2026-04-11 15:02:49,137 - INFO - SCAN: volume stock_id=110 metadata={'reason': 'volume_spike_down', 'volume': 21787839.0, 'avg_volume_20d': 5118238.65, 'ratio': 4.26}
2026-04-11 15:02:49,149 - INFO - SCAN: momentum stock_id=122 metadata={'reason': 'oversold', 'rsi': 26.880348945323334}
2026-04-11 15:02:49,172 - INFO - SCAN: momentum stock_id=157 metadata={'reason': 'overbought', 'rsi': 70.33695204579692}
2026-04-11 15:02:49,179 - INFO - SCAN: price_action stock_id=159 metadata={'reason': 'bounce_off_support', 'support_level': 72.025, 'current_price': 72.73}
2026-04-11 15:02:49,197 - INFO - SCAN: volume stock_id=180 metadata={'reason': 'volume_spike_down', 'volume': 13487316.0, 'avg_volume_20d': 4844625.65, 'ratio': 2.78}
2026-04-11 15:02:49,211 - INFO - SCAN: price_action stock_id=194 metadata={'reason': 'bounce_off_support', 'support_level': 63.313, 'current_price': 63.72}
2026-04-11 15:02:49,221 - INFO - SCAN: momentum stock_id=201 metadata={'reason': 'oversold', 'rsi': 25.59841468863526}
2026-04-11 15:02:49,234 - INFO - SCAN: momentum stock_id=215 metadata={'reason': 'overbought', 'rsi': 73.14812675669965}
2026-04-11 15:02:49,249 - INFO - SCAN: price_action stock_id=235 metadata={'reason': 'bounce_off_support', 'support_level': 234.24540000000005, 'current_price': 235.1}
2026-04-11 15:02:49,256 - INFO - SCAN: momentum stock_id=236 metadata={'reason': 'oversold', 'rsi': 29.842009686250705}
2026-04-11 15:02:49,266 - INFO - SCAN: price_action stock_id=246 metadata={'reason': 'bounce_off_support', 'support_level': 181.18959999999996, 'current_price': 183.0}
2026-04-11 15:02:49,279 - INFO - SCAN: momentum stock_id=261 metadata={'reason': 'oversold', 'rsi': 27.644071933352123}
2026-04-11 15:02:49,285 - INFO - SCAN: momentum stock_id=262 metadata={'reason': 'overbought', 'rsi': 72.42261718433356}
2026-04-11 15:02:49,291 - INFO - SCAN: momentum stock_id=264 metadata={'reason': 'overbought', 'rsi': 82.69125777152814}
2026-04-11 15:02:49,297 - INFO - SCAN: momentum stock_id=265 metadata={'reason': 'oversold', 'rsi': 29.23156668447858}
2026-04-11 15:02:49,304 - INFO - SCAN: volume stock_id=268 metadata={'reason': 'volume_spike_up', 'volume': 9882522.0, 'avg_volume_20d': 4074275.9, 'ratio': 2.43}
2026-04-11 15:02:49,310 - INFO - SCAN: momentum stock_id=270 metadata={'reason': 'overbought', 'rsi': 96.48239577133272}
2026-04-11 15:02:49,317 - INFO - SCAN: price_action stock_id=275 metadata={'reason': 'bounce_off_support', 'support_level': 85.7662, 'current_price': 86.21}
2026-04-11 15:02:49,332 - INFO - SCAN: price_action stock_id=293 metadata={'reason': 'bounce_off_support', 'support_level': 70.56819999999999, 'current_price': 71.17}
2026-04-11 15:02:49,341 - INFO - SCAN: momentum stock_id=299 metadata={'reason': 'overbought', 'rsi': 91.94188386298494}
2026-04-11 15:02:49,358 - INFO - SCAN: price_action stock_id=321 metadata={'reason': 'bounce_off_support', 'support_level': 200.32319999999996, 'current_price': 201.06}
2026-04-11 15:02:49,368 - INFO - SCAN: price_action stock_id=328 metadata={'reason': 'bounce_off_support', 'support_level': 114.26759999999999, 'current_price': 115.07}
2026-04-11 15:02:49,379 - INFO - SCAN: momentum stock_id=337 metadata={'reason': 'oversold', 'rsi': 25.80566873021361}
2026-04-11 15:02:49,379 - INFO - SCAN: volume stock_id=337 metadata={'reason': 'volume_spike_down', 'volume': 6698002.0, 'avg_volume_20d': 2983120.0, 'ratio': 2.25}
2026-04-11 15:02:49,401 - INFO - SCAN: momentum stock_id=367 metadata={'reason': 'overbought', 'rsi': 79.8850301135959}
2026-04-11 15:02:49,410 - INFO - SCAN: volume stock_id=371 metadata={'reason': 'volume_spike_down', 'volume': 12924783.0, 'avg_volume_20d': 3839445.5, 'ratio': 3.37}
2026-04-11 15:02:49,422 - INFO - SCAN: momentum stock_id=383 metadata={'reason': 'overbought', 'rsi': 73.385028416222}
2026-04-11 15:02:49,432 - INFO - SCAN: momentum stock_id=390 metadata={'reason': 'overbought', 'rsi': 70.81056146189601}
2026-04-11 15:02:49,455 - INFO - SCAN: momentum stock_id=426 metadata={'reason': 'overbought', 'rsi': 88.55778364347368}
2026-04-11 15:02:49,463 - INFO - SCAN: momentum stock_id=429 metadata={'reason': 'oversold', 'rsi': 27.607071738933087}
2026-04-11 15:02:49,470 - INFO - SCAN: volume stock_id=432 metadata={'reason': 'volume_spike_up', 'volume': 4965927.0, 'avg_volume_20d': 2389183.5, 'ratio': 2.08}
2026-04-11 15:02:49,476 - INFO - SCAN: price_action stock_id=433 metadata={'reason': 'bounce_off_support', 'support_level': 56.4066, 'current_price': 57.51}
2026-04-11 15:02:49,485 - INFO - SCAN: momentum stock_id=440 metadata={'reason': 'overbought', 'rsi': 85.64831204018469}
2026-04-11 15:02:49,495 - INFO - SCAN: volume stock_id=448 metadata={'reason': 'volume_spike_down', 'volume': 8032144.0, 'avg_volume_20d': 3492870.1, 'ratio': 2.3}
2026-04-11 15:02:49,504 - INFO - SCAN: momentum stock_id=455 metadata={'reason': 'overbought', 'rsi': 72.63854847630199}
2026-04-11 15:02:49,514 - INFO - SCAN: price_action stock_id=464 metadata={'reason': 'bounce_off_support', 'support_level': 115.69940000000001, 'current_price': 117.97}
2026-04-11 15:02:49,529 - INFO - SCAN: price_action stock_id=484 metadata={'reason': 'bounce_off_support', 'support_level': 250.20900000000006, 'current_price': 250.51}
2026-04-11 15:02:49,537 - INFO - SCAN: momentum stock_id=487 metadata={'reason': 'oversold', 'rsi': 22.504812773784124}
2026-04-11 15:02:49,546 - INFO - SCAN: volume stock_id=492 metadata={'reason': 'volume_spike_down', 'volume': 4310182.0, 'avg_volume_20d': 2083789.15, 'ratio': 2.07}
2026-04-11 15:02:49,554 - INFO - SCAN: momentum stock_id=499 metadata={'reason': 'oversold', 'rsi': 28.95168920967876}
2026-04-11 16:05:41,381 - INFO - SCAN: momentum stock_id=3 metadata={'reason': 'overbought', 'rsi': 75.41762728549422}
2026-04-11 16:05:42,067 - INFO - SCAN: momentum stock_id=5 metadata={'reason': 'overbought', 'rsi': 77.94649405630253}
2026-04-11 16:05:42,076 - INFO - SCAN: momentum stock_id=10 metadata={'reason': 'overbought', 'rsi': 72.61553217328327}
2026-04-11 16:05:42,084 - INFO - SCAN: momentum stock_id=12 metadata={'reason': 'overbought', 'rsi': 70.15456330384725}
2026-04-11 16:05:42,092 - INFO - SCAN: momentum stock_id=17 metadata={'reason': 'overbought', 'rsi': 71.49028073434349}
2026-04-11 16:05:42,099 - INFO - SCAN: volume stock_id=18 metadata={'reason': 'volume_spike_down', 'volume': 104310053.0, 'avg_volume_20d': 42549593.75, 'ratio': 2.45}
2026-04-11 16:05:42,106 - INFO - SCAN: momentum stock_id=21 metadata={'reason': 'overbought', 'rsi': 79.36089842283539}
2026-04-11 16:05:42,115 - INFO - SCAN: momentum stock_id=27 metadata={'reason': 'overbought', 'rsi': 97.76913958154155}
2026-04-11 16:05:42,122 - INFO - SCAN: momentum stock_id=28 metadata={'reason': 'overbought', 'rsi': 71.6133696797659}
2026-04-11 16:05:42,128 - INFO - SCAN: volume stock_id=29 metadata={'reason': 'volume_spike_up', 'volume': 67886088.0, 'avg_volume_20d': 22385352.7, 'ratio': 3.03}
2026-04-11 16:05:42,138 - INFO - SCAN: momentum stock_id=37 metadata={'reason': 'oversold', 'rsi': 27.823360193595278}
2026-04-11 16:05:42,148 - INFO - SCAN: momentum stock_id=44 metadata={'reason': 'overbought', 'rsi': 71.09606135140434}
2026-04-11 16:05:42,156 - INFO - SCAN: momentum stock_id=49 metadata={'reason': 'oversold', 'rsi': 29.60745375565513}
2026-04-11 16:05:42,167 - INFO - SCAN: price_action stock_id=60 metadata={'reason': 'bounce_off_support', 'support_level': 72.87420000000002, 'current_price': 72.89}
2026-04-11 16:05:42,175 - INFO - SCAN: momentum stock_id=63 metadata={'reason': 'oversold', 'rsi': 22.38725241761557}
2026-04-11 16:05:42,175 - INFO - SCAN: volume stock_id=63 metadata={'reason': 'volume_spike_down', 'volume': 52309178.0, 'avg_volume_20d': 15433543.2, 'ratio': 3.39}
2026-04-11 16:05:42,186 - INFO - SCAN: momentum stock_id=69 metadata={'reason': 'overbought', 'rsi': 71.54379877253494}
2026-04-11 16:05:42,195 - INFO - SCAN: momentum stock_id=76 metadata={'reason': 'overbought', 'rsi': 76.26660255377396}
2026-04-11 16:05:42,208 - INFO - SCAN: momentum stock_id=92 metadata={'reason': 'oversold', 'rsi': 29.779576257307312}
2026-04-11 16:05:42,208 - INFO - SCAN: volume stock_id=92 metadata={'reason': 'volume_spike_down', 'volume': 47737853.0, 'avg_volume_20d': 19844468.95, 'ratio': 2.41}
2026-04-11 16:05:42,220 - INFO - SCAN: momentum stock_id=101 metadata={'reason': 'overbought', 'rsi': 73.9457251887493}
2026-04-11 16:05:42,228 - INFO - SCAN: price_action stock_id=108 metadata={'reason': 'bounce_off_support', 'support_level': 57.49139999999999, 'current_price': 57.53}
2026-04-11 16:05:42,235 - INFO - SCAN: momentum stock_id=110 metadata={'reason': 'oversold', 'rsi': 21.38381832010525}
2026-04-11 16:05:42,235 - INFO - SCAN: volume stock_id=110 metadata={'reason': 'volume_spike_down', 'volume': 21787839.0, 'avg_volume_20d': 5118238.65, 'ratio': 4.26}
2026-04-11 16:05:42,247 - INFO - SCAN: momentum stock_id=122 metadata={'reason': 'oversold', 'rsi': 26.880348945323334}
2026-04-11 16:05:42,269 - INFO - SCAN: momentum stock_id=157 metadata={'reason': 'overbought', 'rsi': 70.33695204579692}
2026-04-11 16:05:42,276 - INFO - SCAN: price_action stock_id=159 metadata={'reason': 'bounce_off_support', 'support_level': 72.025, 'current_price': 72.73}
2026-04-11 16:05:42,292 - INFO - SCAN: volume stock_id=180 metadata={'reason': 'volume_spike_down', 'volume': 13487316.0, 'avg_volume_20d': 4844625.65, 'ratio': 2.78}
2026-04-11 16:05:42,305 - INFO - SCAN: price_action stock_id=194 metadata={'reason': 'bounce_off_support', 'support_level': 63.313, 'current_price': 63.72}
2026-04-11 16:05:42,314 - INFO - SCAN: momentum stock_id=201 metadata={'reason': 'oversold', 'rsi': 25.59841468863526}
2026-04-11 16:05:42,327 - INFO - SCAN: momentum stock_id=215 metadata={'reason': 'overbought', 'rsi': 73.14812675669965}
2026-04-11 16:05:42,343 - INFO - SCAN: price_action stock_id=235 metadata={'reason': 'bounce_off_support', 'support_level': 234.24540000000005, 'current_price': 235.1}
2026-04-11 16:05:42,350 - INFO - SCAN: momentum stock_id=236 metadata={'reason': 'oversold', 'rsi': 29.842009686250705}
2026-04-11 16:05:42,360 - INFO - SCAN: price_action stock_id=246 metadata={'reason': 'bounce_off_support', 'support_level': 181.18959999999996, 'current_price': 183.0}
2026-04-11 16:05:42,374 - INFO - SCAN: momentum stock_id=261 metadata={'reason': 'oversold', 'rsi': 27.644071933352123}
2026-04-11 16:05:42,381 - INFO - SCAN: momentum stock_id=262 metadata={'reason': 'overbought', 'rsi': 72.42261718433356}
2026-04-11 16:05:42,388 - INFO - SCAN: momentum stock_id=264 metadata={'reason': 'overbought', 'rsi': 82.69125777152814}
2026-04-11 16:05:42,394 - INFO - SCAN: momentum stock_id=265 metadata={'reason': 'oversold', 'rsi': 29.23156668447858}
2026-04-11 16:05:42,402 - INFO - SCAN: volume stock_id=268 metadata={'reason': 'volume_spike_up', 'volume': 9882522.0, 'avg_volume_20d': 4074275.9, 'ratio': 2.43}
2026-04-11 16:05:42,410 - INFO - SCAN: momentum stock_id=270 metadata={'reason': 'overbought', 'rsi': 96.48239577133272}
2026-04-11 16:05:42,418 - INFO - SCAN: price_action stock_id=275 metadata={'reason': 'bounce_off_support', 'support_level': 85.7662, 'current_price': 86.21}
2026-04-11 16:05:42,433 - INFO - SCAN: price_action stock_id=293 metadata={'reason': 'bounce_off_support', 'support_level': 70.56819999999999, 'current_price': 71.17}
2026-04-11 16:05:42,443 - INFO - SCAN: momentum stock_id=299 metadata={'reason': 'overbought', 'rsi': 91.94188386298494}
2026-04-11 16:05:42,459 - INFO - SCAN: price_action stock_id=321 metadata={'reason': 'bounce_off_support', 'support_level': 200.32319999999996, 'current_price': 201.06}
2026-04-11 16:05:42,469 - INFO - SCAN: price_action stock_id=328 metadata={'reason': 'bounce_off_support', 'support_level': 114.26759999999999, 'current_price': 115.07}
2026-04-11 16:05:42,480 - INFO - SCAN: momentum stock_id=337 metadata={'reason': 'oversold', 'rsi': 25.80566873021361}
2026-04-11 16:05:42,481 - INFO - SCAN: volume stock_id=337 metadata={'reason': 'volume_spike_down', 'volume': 6698002.0, 'avg_volume_20d': 2983120.0, 'ratio': 2.25}
2026-04-11 16:05:42,502 - INFO - SCAN: momentum stock_id=367 metadata={'reason': 'overbought', 'rsi': 79.8850301135959}
2026-04-11 16:05:42,510 - INFO - SCAN: volume stock_id=371 metadata={'reason': 'volume_spike_down', 'volume': 12924783.0, 'avg_volume_20d': 3839445.5, 'ratio': 3.37}
2026-04-11 16:05:42,523 - INFO - SCAN: momentum stock_id=383 metadata={'reason': 'overbought', 'rsi': 73.385028416222}
2026-04-11 16:05:42,532 - INFO - SCAN: momentum stock_id=390 metadata={'reason': 'overbought', 'rsi': 70.81056146189601}
2026-04-11 16:05:42,556 - INFO - SCAN: momentum stock_id=426 metadata={'reason': 'overbought', 'rsi': 88.55778364347368}
2026-04-11 16:05:42,564 - INFO - SCAN: momentum stock_id=429 metadata={'reason': 'oversold', 'rsi': 27.607071738933087}
2026-04-11 16:05:42,573 - INFO - SCAN: volume stock_id=432 metadata={'reason': 'volume_spike_up', 'volume': 4965927.0, 'avg_volume_20d': 2389183.5, 'ratio': 2.08}
2026-04-11 16:05:42,579 - INFO - SCAN: price_action stock_id=433 metadata={'reason': 'bounce_off_support', 'support_level': 56.4066, 'current_price': 57.51}
2026-04-11 16:05:42,589 - INFO - SCAN: momentum stock_id=440 metadata={'reason': 'overbought', 'rsi': 85.64831204018469}
2026-04-11 16:05:42,601 - INFO - SCAN: volume stock_id=448 metadata={'reason': 'volume_spike_down', 'volume': 8032144.0, 'avg_volume_20d': 3492870.1, 'ratio': 2.3}
2026-04-11 16:05:42,611 - INFO - SCAN: momentum stock_id=455 metadata={'reason': 'overbought', 'rsi': 72.63854847630199}
2026-04-11 16:05:42,621 - INFO - SCAN: price_action stock_id=464 metadata={'reason': 'bounce_off_support', 'support_level': 115.69940000000001, 'current_price': 117.97}
2026-04-11 16:05:42,637 - INFO - SCAN: price_action stock_id=484 metadata={'reason': 'bounce_off_support', 'support_level': 250.20900000000006, 'current_price': 250.51}
2026-04-11 16:05:42,645 - INFO - SCAN: momentum stock_id=487 metadata={'reason': 'oversold', 'rsi': 22.504812773784124}
2026-04-11 16:05:42,654 - INFO - SCAN: volume stock_id=492 metadata={'reason': 'volume_spike_down', 'volume': 4310182.0, 'avg_volume_20d': 2083789.15, 'ratio': 2.07}
2026-04-11 16:05:42,663 - INFO - SCAN: momentum stock_id=499 metadata={'reason': 'oversold', 'rsi': 28.95168920967876}
